TN:
SF:src\config\plugins\envs.plugin.ts
FNF:0
FNH:0
DA:1,1
DA:2,1
DA:3,1
DA:4,1
DA:5,1
DA:6,1
DA:7,1
DA:8,1
DA:9,1
DA:10,1
DA:11,1
DA:12,1
DA:13,1
LF:13
LH:13
BRF:0
BRH:0
end_of_record
TN:
SF:src\data\mongo\index.ts
FNF:0
FNH:0
DA:1,1
DA:2,1
LF:2
LH:2
BRF:0
BRH:0
end_of_record
TN:
SF:src\data\mongo\init.ts
FN:10,connect
FNF:1
FNH:1
FNDA:4,connect
DA:1,1
DA:2,1
DA:3,1
DA:4,1
DA:5,1
DA:6,1
DA:7,1
DA:8,1
DA:9,1
DA:10,1
DA:11,4
DA:12,4
DA:13,4
DA:14,4
DA:15,3
DA:16,3
DA:17,3
DA:18,1
DA:19,1
DA:20,4
DA:21,1
LF:21
LH:21
BRDA:10,0,0,4
BRDA:15,1,0,3
BRDA:17,2,0,1
BRF:3
BRH:3
end_of_record
TN:
SF:src\data\mongo\models\log.model.ts
FNF:0
FNH:0
DA:1,1
DA:2,1
DA:3,1
DA:4,1
DA:5,1
DA:6,1
DA:7,1
DA:8,1
DA:9,1
DA:10,1
DA:11,1
DA:12,1
DA:13,1
DA:14,1
DA:15,1
DA:16,1
DA:17,1
DA:18,1
DA:19,1
DA:20,1
DA:21,1
DA:22,1
LF:22
LH:22
BRF:0
BRH:0
end_of_record
TN:
SF:src\domain\entities\log.entity.ts
FN:20,LogEntity
FN:29,Object.<anonymous>.LogEntity.fromJson
FN:43,Object.<anonymous>.LogEntity.fromObject
FNF:3
FNH:3
FNDA:20,LogEntity
FNDA:9,Object.<anonymous>.LogEntity.fromJson
FNDA:2,Object.<anonymous>.LogEntity.fromObject
DA:1,5
DA:2,5
DA:3,5
DA:4,5
DA:5,5
DA:6,1
DA:7,1
DA:8,1
DA:9,1
DA:10,1
DA:11,1
DA:12,1
DA:13,1
DA:14,1
DA:15,1
DA:16,1
DA:17,1
DA:18,1
DA:19,1
DA:20,1
DA:21,20
DA:22,20
DA:23,20
DA:24,20
DA:25,20
DA:26,20
DA:27,20
DA:28,1
DA:29,1
DA:30,9
DA:31,9
DA:32,9
DA:33,9
DA:34,9
DA:35,9
DA:36,9
DA:37,9
DA:38,9
DA:39,9
DA:40,9
DA:41,9
DA:42,1
DA:43,1
DA:44,2
DA:45,2
DA:46,2
DA:47,2
DA:48,2
DA:49,2
DA:50,2
DA:51,2
DA:52,2
DA:53,2
DA:54,2
DA:55,1
LF:55
LH:55
BRDA:1,0,0,5
BRDA:20,1,0,20
BRDA:29,2,0,9
BRDA:30,3,0,3
BRDA:30,4,0,6
BRDA:43,5,0,2
BRF:6
BRH:6
end_of_record
TN:
SF:src\domain\use-cases\checks\check-service-multiple.ts
FN:12,CheckServiceMultiple
FN:18,callLogs
FN:24,execute
FNF:3
FNH:3
FNDA:1,CheckServiceMultiple
FNDA:2,callLogs
FNDA:2,execute
DA:1,1
DA:2,1
DA:3,1
DA:4,1
DA:5,1
DA:6,1
DA:7,1
DA:8,1
DA:9,1
DA:10,1
DA:11,1
DA:12,1
DA:13,1
DA:14,1
DA:15,1
DA:16,1
DA:17,1
DA:18,1
DA:19,2
DA:20,6
DA:21,2
DA:22,2
DA:23,1
DA:24,1
DA:25,2
DA:26,2
DA:27,2
DA:28,2
DA:29,1
DA:30,2
DA:31,1
DA:32,1
DA:33,1
DA:34,1
DA:35,1
DA:36,1
DA:37,1
DA:38,1
DA:39,1
DA:40,2
DA:41,2
DA:42,2
DA:43,2
DA:44,1
DA:45,1
DA:46,1
DA:47,1
DA:48,1
DA:49,1
DA:50,1
DA:51,1
DA:52,1
DA:53,1
DA:54,1
DA:55,1
DA:56,2
DA:57,1
LF:57
LH:57
BRDA:12,0,0,1
BRDA:18,1,0,2
BRDA:19,2,0,6
BRDA:24,3,0,2
BRDA:29,4,0,1
BRDA:30,5,0,0
BRDA:31,6,0,1
BRDA:43,7,0,1
BRF:8
BRH:7
end_of_record
TN:
SF:src\domain\use-cases\checks\check-service.ts
FN:12,CheckService
FN:18,execute
FNF:2
FNH:2
FNDA:1,CheckService
FNDA:2,execute
DA:1,1
DA:2,1
DA:3,1
DA:4,1
DA:5,1
DA:6,1
DA:7,1
DA:8,1
DA:9,1
DA:10,1
DA:11,1
DA:12,1
DA:13,1
DA:14,1
DA:15,1
DA:16,1
DA:17,1
DA:18,1
DA:19,2
DA:20,2
DA:21,2
DA:22,2
DA:23,1
DA:24,2
DA:25,1
DA:26,1
DA:27,1
DA:28,1
DA:29,1
DA:30,1
DA:31,1
DA:32,1
DA:33,1
DA:34,2
DA:35,2
DA:36,2
DA:37,2
DA:38,1
DA:39,1
DA:40,1
DA:41,1
DA:42,1
DA:43,1
DA:44,1
DA:45,1
DA:46,1
DA:47,1
DA:48,1
DA:49,1
DA:50,2
DA:51,1
LF:51
LH:51
BRDA:12,0,0,1
BRDA:18,1,0,2
BRDA:23,2,0,1
BRDA:24,3,0,0
BRDA:25,4,0,1
BRDA:37,5,0,1
BRF:6
BRH:5
end_of_record
TN:
SF:src\domain\use-cases\email\send-email-logs.ts
FN:10,SendEmailLogs
FN:15,execute
FNF:2
FNH:2
FNDA:1,SendEmailLogs
FNDA:2,execute
DA:1,1
DA:2,1
DA:3,1
DA:4,1
DA:5,1
DA:6,1
DA:7,1
DA:8,1
DA:9,1
DA:10,1
DA:11,1
DA:12,1
DA:13,1
DA:14,1
DA:15,1
DA:16,2
DA:17,2
DA:18,2
DA:19,2
DA:20,1
DA:21,1
DA:22,1
DA:23,1
DA:24,1
DA:25,1
DA:26,1
DA:27,1
DA:28,1
DA:29,1
DA:30,1
DA:31,1
DA:32,1
DA:33,1
DA:34,1
DA:35,1
DA:36,1
DA:37,1
DA:38,1
DA:39,2
DA:40,2
DA:41,1
LF:41
LH:41
BRDA:10,0,0,1
BRDA:15,1,0,2
BRDA:19,2,0,1
BRF:3
BRH:3
end_of_record
TN:
SF:src\infrastructure\datasources\file-system.datasource.ts
FN:12,FileSystemDatasource
FN:16,FileSystemDatasource.createLogsFiles
FN:44,FileSystemDatasource.getLogsFromFile
FN:30,saveLog
FN:54,getLogs
FNF:5
FNH:5
FNDA:9,FileSystemDatasource
FNDA:9,FileSystemDatasource.createLogsFiles
FNDA:4,FileSystemDatasource.getLogsFromFile
FNDA:6,saveLog
FNDA:5,getLogs
DA:1,1
DA:2,1
DA:3,1
DA:4,1
DA:5,1
DA:6,1
DA:7,1
DA:8,1
DA:9,1
DA:10,1
DA:11,1
DA:12,1
DA:13,9
DA:14,9
DA:15,1
DA:16,1
DA:17,9
DA:18,9
DA:19,9
DA:20,9
DA:21,9
DA:22,9
DA:23,9
DA:24,27
DA:25,24
DA:26,24
DA:27,9
DA:28,9
DA:29,1
DA:30,1
DA:31,6
DA:32,6
DA:33,6
DA:34,6
DA:35,6
DA:36,4
DA:37,6
DA:38,2
DA:39,2
DA:40,2
DA:41,2
DA:42,6
DA:43,1
DA:44,1
DA:45,4
DA:46,4
DA:47,4
DA:48,3
DA:49,3
DA:50,3
DA:51,3
DA:52,3
DA:53,1
DA:54,1
DA:55,5
DA:56,5
DA:57,1
DA:58,5
DA:59,5
DA:60,1
DA:61,5
DA:62,5
DA:63,2
DA:64,5
DA:65,5
DA:66,1
DA:67,5
DA:68,5
DA:69,1
DA:70,1
LF:70
LH:70
BRDA:12,0,0,9
BRDA:16,1,0,9
BRDA:17,2,0,8
BRDA:23,3,0,27
BRDA:24,4,0,3
BRDA:25,5,0,24
BRDA:44,6,0,4
BRDA:47,7,0,1
BRDA:48,8,0,3
BRDA:30,9,0,6
BRDA:35,10,0,2
BRDA:36,11,0,4
BRDA:37,12,0,2
BRDA:54,13,0,5
BRDA:56,14,0,1
BRDA:59,15,0,1
BRDA:62,16,0,2
BRDA:65,17,0,1
BRF:18
BRH:18
end_of_record
TN:
SF:src\infrastructure\datasources\mongo-log.datasource.ts
FN:6,saveLog
FN:12,getLogs
FNF:2
FNH:2
FNDA:2,saveLog
FNDA:1,getLogs
DA:1,1
DA:2,1
DA:3,1
DA:4,1
DA:5,1
DA:6,1
DA:7,2
DA:8,2
DA:9,2
DA:10,2
DA:11,1
DA:12,1
DA:13,1
DA:14,1
DA:15,1
DA:16,1
DA:17,1
DA:18,1
DA:19,1
LF:19
LH:19
BRDA:6,0,0,2
BRDA:12,1,0,1
BRF:2
BRH:2
end_of_record
TN:
SF:src\infrastructure\repositories\log.repository.impl.ts
FN:7,LogRepositoryImpl
FN:9,saveLog
FN:13,getLogs
FNF:3
FNH:3
FNDA:1,LogRepositoryImpl
FNDA:1,saveLog
FNDA:1,getLogs
DA:1,1
DA:2,1
DA:3,1
DA:4,1
DA:5,1
DA:6,1
DA:7,1
DA:8,1
DA:9,1
DA:10,1
DA:11,1
DA:12,1
DA:13,1
DA:14,1
DA:15,1
DA:16,1
DA:17,1
LF:17
LH:17
BRDA:7,0,0,1
BRDA:9,1,0,1
BRDA:13,2,0,1
BRF:3
BRH:3
end_of_record
TN:
SF:src\presentation\cron\cron-service.ts
FN:7,createJob
FNF:1
FNH:1
FNDA:1,createJob
DA:1,1
DA:2,1
DA:3,1
DA:4,1
DA:5,1
DA:6,1
DA:7,1
DA:8,1
DA:9,1
DA:10,1
DA:11,1
DA:12,1
DA:13,1
DA:14,1
LF:14
LH:14
BRDA:7,0,0,1
BRF:1
BRH:1
end_of_record
TN:
SF:src\presentation\email\email-service.ts
FN:19,EmailService
FN:29,sendEmail
FN:47,sendEmailWithFileSystemLogs
FNF:3
FNH:3
FNDA:1,EmailService
FNDA:2,sendEmail
FNDA:1,sendEmailWithFileSystemLogs
DA:1,1
DA:2,1
DA:3,1
DA:4,1
DA:5,1
DA:6,1
DA:7,1
DA:8,1
DA:9,1
DA:10,1
DA:11,1
DA:12,1
DA:13,1
DA:14,1
DA:15,1
DA:16,1
DA:17,1
DA:18,1
DA:19,1
DA:20,1
DA:21,1
DA:22,1
DA:23,1
DA:24,1
DA:25,1
DA:26,1
DA:27,1
DA:28,1
DA:29,1
DA:30,2
DA:31,2
DA:32,2
DA:33,2
DA:34,2
DA:35,2
DA:36,2
DA:37,2
DA:38,2
DA:39,2
DA:40,2
DA:41,2
DA:42,0
DA:43,0
DA:44,0
DA:45,2
DA:46,1
DA:47,1
DA:48,1
DA:49,1
DA:50,1
DA:51,1
DA:52,1
DA:53,1
DA:54,1
DA:55,1
DA:56,1
DA:57,1
DA:58,1
DA:59,1
DA:60,1
DA:61,1
DA:62,1
DA:63,1
LF:63
LH:60
BRDA:19,0,0,1
BRDA:29,1,0,2
BRDA:41,2,0,0
BRDA:47,3,0,1
BRF:4
BRH:3
end_of_record
